<?xml version="1.0" encoding="UTF-8"?>
<testsuite xmlns:xsi="http://www.w3.org/2001/XMLSchema-instance" xsi:noNamespaceSchemaLocation="https://maven.apache.org/surefire/maven-surefire-plugin/xsd/surefire-test-report.xsd" name="com.example.LampActivatorTest" time="0.075" tests="7" errors="0" skipped="0" failures="0">
  <properties>
[...]
</properties>
  <testcase name="tesAccordingToTheAssumptionOfTheProblem" classname="com.example.LampActivatorTest" time="0.033"/>
  <testcase name="testSomeKeysPressed" classname="com.example.LampActivatorTest" time="0.005"/>
  <testcase name="testAllKeysPressedInOrder" classname="com.example.LampActivatorTest" time="0.013"/>
  <testcase name="testKeysBeyondRange" classname="com.example.LampActivatorTest" time="0.004"/>
  <testcase name="testNoKeysPressed" classname="com.example.LampActivatorTest" time="0"/>
  <testcase name="testKeysPressedOutOfOrder" classname="com.example.LampActivatorTest" time="0.003"/>
  <testcase name="testRepeatedKeyPresses" classname="com.example.LampActivatorTest" time="0.004"/>
</testsuite>